Using pre-set license
Built from '2022.3/staging' branch; Version is '2022.3.3f1 (7cdc2969a641) revision 8182825'; Using compiler version '192829333'; Build Type 'Release'
OS: 'Windows 10  (10.0.19045) 64bit Professional' Language: 'tr' Physical Memory: 7936 MB
BatchMode: 1, IsHumanControllingUs: 0, StartBugReporterOnCrash: 0, Is64bit: 1, IsPro: 1

COMMAND LINE ARGUMENTS:
C:\Program Files\Unity\Hub\Editor\2022.3.3f1\Editor\Unity.exe
-adb2
-batchMode
-noUpm
-name
AssetImportWorker5
-projectPath
C:/Users/iremi/Desktop/unityegitim/ZombieGame
-logFile
Logs/AssetImportWorker5.log
-srvPort
49246
Successfully changed project path to: C:/Users/iremi/Desktop/unityegitim/ZombieGame
C:/Users/iremi/Desktop/unityegitim/ZombieGame
[UnityMemory] Configuration Parameters - Can be set up in boot.config
    "memorysetup-bucket-allocator-granularity=16"
    "memorysetup-bucket-allocator-bucket-count=8"
    "memorysetup-bucket-allocator-block-size=33554432"
    "memorysetup-bucket-allocator-block-count=8"
    "memorysetup-main-allocator-block-size=16777216"
    "memorysetup-thread-allocator-block-size=16777216"
    "memorysetup-gfx-main-allocator-block-size=16777216"
    "memorysetup-gfx-thread-allocator-block-size=16777216"
    "memorysetup-cache-allocator-block-size=4194304"
    "memorysetup-typetree-allocator-block-size=2097152"
    "memorysetup-profiler-bucket-allocator-granularity=16"
    "memorysetup-profiler-bucket-allocator-bucket-count=8"
    "memorysetup-profiler-bucket-allocator-block-size=33554432"
    "memorysetup-profiler-bucket-allocator-block-count=8"
    "memorysetup-profiler-allocator-block-size=16777216"
    "memorysetup-profiler-editor-allocator-block-size=1048576"
    "memorysetup-temp-allocator-size-main=16777216"
    "memorysetup-job-temp-allocator-block-size=2097152"
    "memorysetup-job-temp-allocator-block-size-background=1048576"
    "memorysetup-job-temp-allocator-reduction-small-platforms=262144"
    "memorysetup-allocator-temp-initial-block-size-main=262144"
    "memorysetup-allocator-temp-initial-block-size-worker=262144"
    "memorysetup-temp-allocator-size-background-worker=32768"
    "memorysetup-temp-allocator-size-job-worker=262144"
    "memorysetup-temp-allocator-size-preload-manager=33554432"
    "memorysetup-temp-allocator-size-nav-mesh-worker=65536"
    "memorysetup-temp-allocator-size-audio-worker=65536"
    "memorysetup-temp-allocator-size-cloud-worker=32768"
    "memorysetup-temp-allocator-size-gi-baking-worker=262144"
    "memorysetup-temp-allocator-size-gfx=262144"
Player connection [9856] Host "[IP] 192.168.1.107 [Port] 0 [Flags] 2 [Guid] 2780562309 [EditorId] 2780562309 [Version] 1048832 [Id] WindowsEditor(7,DESKTOP-M49LJ12) [Debug] 1 [PackageName] WindowsEditor [ProjectName] Editor" joined multi-casting on [225.0.0.222:54997]...

Player connection [9856] Host "[IP] 192.168.1.107 [Port] 0 [Flags] 2 [Guid] 2780562309 [EditorId] 2780562309 [Version] 1048832 [Id] WindowsEditor(7,DESKTOP-M49LJ12) [Debug] 1 [PackageName] WindowsEditor [ProjectName] Editor" joined alternative multi-casting on [225.0.0.222:34997]...

Refreshing native plugins compatible for Editor in 15.07 ms, found 3 plugins.
Preloading 0 native plugins for Editor in 0.00 ms.
Initialize engine version: 2022.3.3f1 (7cdc2969a641)
[Subsystems] Discovering subsystems at path C:/Program Files/Unity/Hub/Editor/2022.3.3f1/Editor/Data/Resources/UnitySubsystems
[Subsystems] Discovering subsystems at path C:/Users/iremi/Desktop/unityegitim/ZombieGame/Assets
GfxDevice: creating device client; threaded=0; jobified=0
Direct3D:
    Version:  Direct3D 11.0 [level 11.1]
    Renderer: NVIDIA GeForce RTX 3050 Laptop GPU (ID=0x25a2)
    Vendor:   NVIDIA
    VRAM:     3977 MB
    Driver:   31.0.15.3734
Shader 'WFX/Transparent Diffuse': fallback shader 'Particles/Alpha Blended' not found
Shader 'WFX/Transparent Specular': fallback shader 'Particles/Alpha Blended' not found
Initialize mono
Mono path[0] = 'C:/Program Files/Unity/Hub/Editor/2022.3.3f1/Editor/Data/Managed'
Mono path[1] = 'C:/Program Files/Unity/Hub/Editor/2022.3.3f1/Editor/Data/MonoBleedingEdge/lib/mono/unityjit-win32'
Mono config path = 'C:/Program Files/Unity/Hub/Editor/2022.3.3f1/Editor/Data/MonoBleedingEdge/etc'
Using monoOptions --debugger-agent=transport=dt_socket,embedding=1,server=y,suspend=n,address=127.0.0.1:56320
Begin MonoManager ReloadAssembly
Registering precompiled unity dll's ...
Register platform support module: C:/Program Files/Unity/Hub/Editor/2022.3.3f1/Editor/Data/PlaybackEngines/WebGLSupport/UnityEditor.WebGL.Extensions.dll
Register platform support module: C:/Program Files/Unity/Hub/Editor/2022.3.3f1/Editor/Data/PlaybackEngines/AndroidPlayer/UnityEditor.Android.Extensions.dll
Register platform support module: C:/Program Files/Unity/Hub/Editor/2022.3.3f1/Editor/Data/PlaybackEngines/WindowsStandaloneSupport/UnityEditor.WindowsStandalone.Extensions.dll
Registered in 0.025178 seconds.
- Loaded All Assemblies, in  0.668 seconds
Native extension for WindowsStandalone target not found
Native extension for Android target not found
Android Extension - Scanning For ADB Devices 663 ms
Native extension for WebGL target not found
Mono: successfully reloaded assembly
- Finished resetting the current domain, in  1.063 seconds
Domain Reload Profiling: 1729ms
	BeginReloadAssembly (188ms)
		ExecutionOrderSort (0ms)
		DisableScriptedObjects (0ms)
		BackupInstance (0ms)
		ReleaseScriptingObjects (0ms)
		CreateAndSetChildDomain (2ms)
	RebuildCommonClasses (63ms)
	RebuildNativeTypeToScriptingClass (19ms)
	initialDomainReloadingComplete (116ms)
	LoadAllAssembliesAndSetupDomain (279ms)
		LoadAssemblies (183ms)
		RebuildTransferFunctionScriptingTraits (0ms)
		AnalyzeDomain (267ms)
			TypeCache.Refresh (265ms)
				TypeCache.ScanAssembly (226ms)
			ScanForSourceGeneratedMonoScriptInfo (1ms)
			ResolveRequiredComponents (1ms)
	FinalizeReload (1064ms)
		ReleaseScriptCaches (0ms)
		RebuildScriptCaches (0ms)
		SetupLoadedEditorAssemblies (965ms)
			LogAssemblyErrors (0ms)
			InitializePlatformSupportModulesInManaged (816ms)
			SetLoadedEditorAssemblies (4ms)
			RefreshPlugins (0ms)
			BeforeProcessingInitializeOnLoad (2ms)
			ProcessInitializeOnLoadAttributes (96ms)
			ProcessInitializeOnLoadMethodAttributes (46ms)
			AfterProcessingInitializeOnLoad (0ms)
			EditorAssembliesLoaded (0ms)
		ExecutionOrderSort2 (0ms)
		AwakeInstancesAfterBackupRestoration (0ms)
========================================================================
Worker process is ready to serve import requests
Begin MonoManager ReloadAssembly
Symbol file LoadedFromMemory doesn't match image C:\Users\iremi\Desktop\unityegitim\ZombieGame\Library\PackageCache\com.unity.visualscripting@1.8.0\Editor\VisualScripting.Core\Dependencies\YamlDotNet\Unity.VisualScripting.YamlDotNet.dll
Symbol file LoadedFromMemory doesn't match image C:\Users\iremi\Desktop\unityegitim\ZombieGame\Library\PackageCache\com.unity.visualscripting@1.8.0\Editor\VisualScripting.Core\Dependencies\DotNetZip\Unity.VisualScripting.IonicZip.dll
- Loaded All Assemblies, in  0.916 seconds
Refreshing native plugins compatible for Editor in 4.55 ms, found 3 plugins.
Native extension for WindowsStandalone target not found
Native extension for Android target not found
Native extension for WebGL target not found
Mono: successfully reloaded assembly
- Finished resetting the current domain, in  0.712 seconds
Domain Reload Profiling: 1626ms
	BeginReloadAssembly (160ms)
		ExecutionOrderSort (0ms)
		DisableScriptedObjects (6ms)
		BackupInstance (0ms)
		ReleaseScriptingObjects (0ms)
		CreateAndSetChildDomain (29ms)
	RebuildCommonClasses (36ms)
	RebuildNativeTypeToScriptingClass (12ms)
	initialDomainReloadingComplete (52ms)
	LoadAllAssembliesAndSetupDomain (654ms)
		LoadAssemblies (386ms)
		RebuildTransferFunctionScriptingTraits (0ms)
		AnalyzeDomain (335ms)
			TypeCache.Refresh (310ms)
				TypeCache.ScanAssembly (286ms)
			ScanForSourceGeneratedMonoScriptInfo (19ms)
			ResolveRequiredComponents (6ms)
	FinalizeReload (713ms)
		ReleaseScriptCaches (0ms)
		RebuildScriptCaches (0ms)
		SetupLoadedEditorAssemblies (526ms)
			LogAssemblyErrors (0ms)
			InitializePlatformSupportModulesInManaged (31ms)
			SetLoadedEditorAssemblies (3ms)
			RefreshPlugins (0ms)
			BeforeProcessingInitializeOnLoad (67ms)
			ProcessInitializeOnLoadAttributes (392ms)
			ProcessInitializeOnLoadMethodAttributes (21ms)
			AfterProcessingInitializeOnLoad (11ms)
			EditorAssembliesLoaded (0ms)
		ExecutionOrderSort2 (0ms)
		AwakeInstancesAfterBackupRestoration (8ms)
Shader 'WFX/Transparent Specular': fallback shader 'Particles/Alpha Blended' not found
Shader 'WFX/Transparent Diffuse': fallback shader 'Particles/Alpha Blended' not found
Launched and connected shader compiler UnityShaderCompiler.exe after 0.07 seconds
Refreshing native plugins compatible for Editor in 3.59 ms, found 3 plugins.
Preloading 0 native plugins for Editor in 0.00 ms.
Unloading 3437 Unused Serialized files (Serialized files now loaded: 0)
Unloading 51 unused Assets / (0.9 MB). Loaded Objects now: 3921.
Memory consumption went from 160.3 MB to 159.4 MB.
Total: 4.335200 ms (FindLiveObjects: 0.464400 ms CreateObjectMapping: 0.169800 ms MarkObjects: 3.245500 ms  DeleteObjects: 0.454900 ms)

AssetImportParameters requested are different than current active one (requested -> active):
  custom:container-demuxer-ogg: 62fdf1f143b41e24485cea50d1cbac27 -> 
  custom:video-decoder-ogg-theora: a1e56fd34408186e4bbccfd4996cb3dc -> 
  custom:framework-win-MediaFoundation: 216162199b28c13a410421893ffa2e32 -> 
  custom:container-demuxer-webm: 4f35f7cbe854078d1ac9338744f61a02 -> 
  custom:container-muxer-webm: aa71ff27fc2769a1b78a27578f13a17b -> 
  custom:video-decoder-webm-vp8: 9c59270c3fd7afecdb556c50c9e8de78 -> 
  custom:AudioImporter_EditorPlatform: d09bf68614088b80899f8185d706f6e7 -> 
  custom:video-encoder-webm-vp8: eb34c28f22e8b96e1ab97ce403110664 -> 
  custom:audio-decoder-ogg-vorbis: bf7c407c2cedff20999df2af8eb42d56 -> 
  custom:audio-encoder-webm-vorbis: bf7c407c2cedff20999df2af8eb42d56 -> 
========================================================================
Received Import Request.
  Time since last request: 509079.996203 seconds.
  path: Assets/Flooded_Grounds/Content/Textures/DET_Concrete1_N.tif
  artifactKey: Guid(276e4162aef7f994fafc01a3e444900c) Importer(815301076,1909f56bfc062723c751e8b465ee728b)
Start importing Assets/Flooded_Grounds/Content/Textures/DET_Concrete1_N.tif using Guid(276e4162aef7f994fafc01a3e444900c) Importer(815301076,1909f56bfc062723c751e8b465ee728b)  -> (artifact id: 'e85e387f59b6539211f0d1d109781869') in 0.075637 seconds
Number of updated asset objects reloaded before import = 0
Number of asset objects unloaded after import = 2
========================================================================
Received Import Request.
  Time since last request: 0.000031 seconds.
  path: Assets/Flooded_Grounds/Content/Trees/SrcTextures/FOL_Trunk3_N.tif
  artifactKey: Guid(6659e5dd8c2f0864d8092080d9b47a3f) Importer(815301076,1909f56bfc062723c751e8b465ee728b)
Start importing Assets/Flooded_Grounds/Content/Trees/SrcTextures/FOL_Trunk3_N.tif using Guid(6659e5dd8c2f0864d8092080d9b47a3f) Importer(815301076,1909f56bfc062723c751e8b465ee728b)  -> (artifact id: 'a0fa1b54e15ea7caa477b3c0dd22b6b0') in 0.060164 seconds
Number of updated asset objects reloaded before import = 0
Number of asset objects unloaded after import = 2
========================================================================
Received Import Request.
  Time since last request: 0.000029 seconds.
  path: Assets/Flooded_Grounds/Prefabs/Nature/Trees/TreeCreator_Small_B_Textures/diffuse.png
  artifactKey: Guid(ec221d1885c1d554dbc49b8434a733d0) Importer(815301076,1909f56bfc062723c751e8b465ee728b)
Start importing Assets/Flooded_Grounds/Prefabs/Nature/Trees/TreeCreator_Small_B_Textures/diffuse.png using Guid(ec221d1885c1d554dbc49b8434a733d0) Importer(815301076,1909f56bfc062723c751e8b465ee728b)  -> (artifact id: '5c4d896b5a252524fe2a9843fd5d2419') in 0.031004 seconds
Number of updated asset objects reloaded before import = 0
Number of asset objects unloaded after import = 2
========================================================================
Received Import Request.
  Time since last request: 0.000043 seconds.
  path: Assets/Flooded_Grounds/Content/Trees/SrcTextures/FOL_Branch2_AS.tif
  artifactKey: Guid(1d659e72b3ec86e45956b9badeba6831) Importer(815301076,1909f56bfc062723c751e8b465ee728b)
Start importing Assets/Flooded_Grounds/Content/Trees/SrcTextures/FOL_Branch2_AS.tif using Guid(1d659e72b3ec86e45956b9badeba6831) Importer(815301076,1909f56bfc062723c751e8b465ee728b)  -> (artifact id: '5d397de11025b15f759b9b9083231403') in 0.047413 seconds
Number of updated asset objects reloaded before import = 0
Number of asset objects unloaded after import = 2
========================================================================
Received Import Request.
  Time since last request: 0.000050 seconds.
  path: Assets/Flooded_Grounds/Content/Trees/SrcTextures/FOL_Trunk1_N.tif
  artifactKey: Guid(8c815fedd86aa034691f5a6df6864d18) Importer(815301076,1909f56bfc062723c751e8b465ee728b)
Start importing Assets/Flooded_Grounds/Content/Trees/SrcTextures/FOL_Trunk1_N.tif using Guid(8c815fedd86aa034691f5a6df6864d18) Importer(815301076,1909f56bfc062723c751e8b465ee728b)  -> (artifact id: '1b837f237f7cc4c9f94911a432de23f0') in 0.042454 seconds
Number of updated asset objects reloaded before import = 0
Number of asset objects unloaded after import = 2
========================================================================
Received Import Request.
  Time since last request: 0.000056 seconds.
  path: Assets/Flooded_Grounds/Content/Textures/FOL_Hedge1_N.tif
  artifactKey: Guid(d90049466cf0ab8438d398546b028b67) Importer(815301076,1909f56bfc062723c751e8b465ee728b)
Start importing Assets/Flooded_Grounds/Content/Textures/FOL_Hedge1_N.tif using Guid(d90049466cf0ab8438d398546b028b67) Importer(815301076,1909f56bfc062723c751e8b465ee728b)  -> (artifact id: '86564d7e48b4c8e0b02931f7e1db3892') in 0.030155 seconds
Number of updated asset objects reloaded before import = 0
Number of asset objects unloaded after import = 2
========================================================================
Received Import Request.
  Time since last request: 0.010767 seconds.
  path: Assets/Flooded_Grounds/Content/Textures/GR_Dirt1_AS.tif
  artifactKey: Guid(02673374cc571ec438a822816aabffff) Importer(815301076,1909f56bfc062723c751e8b465ee728b)
Start importing Assets/Flooded_Grounds/Content/Textures/GR_Dirt1_AS.tif using Guid(02673374cc571ec438a822816aabffff) Importer(815301076,1909f56bfc062723c751e8b465ee728b)  -> (artifact id: '9b06a22877cb34ead0124fae6e333711') in 0.036277 seconds
Number of updated asset objects reloaded before import = 0
Number of asset objects unloaded after import = 2
========================================================================
Received Import Request.
  Time since last request: 0.000019 seconds.
  path: Assets/Flooded_Grounds/Content/Textures/GR_Moss1_AS.tif
  artifactKey: Guid(ce793f2aef81aaa4a80a1d6ec615e92b) Importer(815301076,1909f56bfc062723c751e8b465ee728b)
Start importing Assets/Flooded_Grounds/Content/Textures/GR_Moss1_AS.tif using Guid(ce793f2aef81aaa4a80a1d6ec615e92b) Importer(815301076,1909f56bfc062723c751e8b465ee728b)  -> (artifact id: 'b04149c8bb09c43f688b81af9525745f') in 0.026167 seconds
Number of updated asset objects reloaded before import = 0
Number of asset objects unloaded after import = 2
========================================================================
Received Import Request.
  Time since last request: 0.042391 seconds.
  path: Assets/Flooded_Grounds/PostProcessing/Resources/Bluenoise64/LDR_LLL1_3.png
  artifactKey: Guid(373f9bf6b0841af4ebf26d25e4a3f4e2) Importer(815301076,1909f56bfc062723c751e8b465ee728b)
Start importing Assets/Flooded_Grounds/PostProcessing/Resources/Bluenoise64/LDR_LLL1_3.png using Guid(373f9bf6b0841af4ebf26d25e4a3f4e2) Importer(815301076,1909f56bfc062723c751e8b465ee728b)  -> (artifact id: '316ca0f1ddc7375ac7f32dfce5d375d7') in 0.024658 seconds
Number of updated asset objects reloaded before import = 0
Number of asset objects unloaded after import = 2
========================================================================
Received Import Request.
  Time since last request: 0.004683 seconds.
  path: Assets/Flooded_Grounds/PostProcessing/Resources/Bluenoise64/LDR_LLL1_7.png
  artifactKey: Guid(3ac02e7e783571c468f9c086d2384ba7) Importer(815301076,1909f56bfc062723c751e8b465ee728b)
Start importing Assets/Flooded_Grounds/PostProcessing/Resources/Bluenoise64/LDR_LLL1_7.png using Guid(3ac02e7e783571c468f9c086d2384ba7) Importer(815301076,1909f56bfc062723c751e8b465ee728b)  -> (artifact id: '9eda94084bd860e990176073f331625c') in 0.015433 seconds
Number of updated asset objects reloaded before import = 0
Number of asset objects unloaded after import = 2
========================================================================
Received Import Request.
  Time since last request: 0.347728 seconds.
  path: Assets/Flooded_Grounds/PostProcessing/Resources/Bluenoise64/LDR_LLL1_50.png
  artifactKey: Guid(d8c290e38ff0425409d0ae6a98c95e41) Importer(815301076,1909f56bfc062723c751e8b465ee728b)
Start importing Assets/Flooded_Grounds/PostProcessing/Resources/Bluenoise64/LDR_LLL1_50.png using Guid(d8c290e38ff0425409d0ae6a98c95e41) Importer(815301076,1909f56bfc062723c751e8b465ee728b)  -> (artifact id: '13e4cbd0c7aa4a2201407151a9e804e9') in 0.013940 seconds
Number of updated asset objects reloaded before import = 0
Number of asset objects unloaded after import = 2
========================================================================
Received Import Request.
  Time since last request: 0.455911 seconds.
  path: Assets/Flooded_Grounds/PostProcessing/Resources/Bluenoise64/LDR_LLL1_59.png
  artifactKey: Guid(d96974690c77f50489eb60ec84bd8dac) Importer(815301076,1909f56bfc062723c751e8b465ee728b)
Start importing Assets/Flooded_Grounds/PostProcessing/Resources/Bluenoise64/LDR_LLL1_59.png using Guid(d96974690c77f50489eb60ec84bd8dac) Importer(815301076,1909f56bfc062723c751e8b465ee728b)  -> (artifact id: '5e2068c37295e0a5b6325483bcbbec30') in 0.013514 seconds
Number of updated asset objects reloaded before import = 0
Number of asset objects unloaded after import = 2
========================================================================
Received Import Request.
  Time since last request: 0.091990 seconds.
  path: Assets/M3A1 Scout Car/Textures/m3a1_id1_diffuse.tga
  artifactKey: Guid(6e2de19079288ae4a9fc27f70d8f19e3) Importer(815301076,1909f56bfc062723c751e8b465ee728b)
Start importing Assets/M3A1 Scout Car/Textures/m3a1_id1_diffuse.tga using Guid(6e2de19079288ae4a9fc27f70d8f19e3) Importer(815301076,1909f56bfc062723c751e8b465ee728b)  -> (artifact id: '036d3fdaa28f263e15346b1986ca70c4') in 0.030885 seconds
Number of updated asset objects reloaded before import = 0
Number of asset objects unloaded after import = 2
========================================================================
Received Import Request.
  Time since last request: 0.000023 seconds.
  path: Assets/M3A1 Scout Car/Textures/m3a1_id3_diffuse.tga
  artifactKey: Guid(12403ffd29f816541adf7a039657c9de) Importer(815301076,1909f56bfc062723c751e8b465ee728b)
Start importing Assets/M3A1 Scout Car/Textures/m3a1_id3_diffuse.tga using Guid(12403ffd29f816541adf7a039657c9de) Importer(815301076,1909f56bfc062723c751e8b465ee728b)  -> (artifact id: '66d0e2e4a2ddfc6a401c2da2d6555a6c') in 0.032748 seconds
Number of updated asset objects reloaded before import = 0
Number of asset objects unloaded after import = 2
========================================================================
Received Import Request.
  Time since last request: 0.000035 seconds.
  path: Assets/M3A1 Scout Car/Textures/m3a1_wheel_diffuse.tga
  artifactKey: Guid(8095358eef1a3ca4fad09697b637c542) Importer(815301076,1909f56bfc062723c751e8b465ee728b)
Start importing Assets/M3A1 Scout Car/Textures/m3a1_wheel_diffuse.tga using Guid(8095358eef1a3ca4fad09697b637c542) Importer(815301076,1909f56bfc062723c751e8b465ee728b)  -> (artifact id: '9de2444017bb681cdef1770137956b20') in 0.019254 seconds
Number of updated asset objects reloaded before import = 0
Number of asset objects unloaded after import = 2
========================================================================
Received Import Request.
  Time since last request: 0.000021 seconds.
  path: Assets/M3A1 Scout Car/Textures/m3a1_id2_specular.tga
  artifactKey: Guid(7eac1e3a61d79eb4999ac84102dc6377) Importer(815301076,1909f56bfc062723c751e8b465ee728b)
Start importing Assets/M3A1 Scout Car/Textures/m3a1_id2_specular.tga using Guid(7eac1e3a61d79eb4999ac84102dc6377) Importer(815301076,1909f56bfc062723c751e8b465ee728b)  -> (artifact id: 'c5747370b9be65068fec17675d07edc9') in 0.035630 seconds
Number of updated asset objects reloaded before import = 0
Number of asset objects unloaded after import = 2
========================================================================
Received Import Request.
  Time since last request: 0.000350 seconds.
  path: Assets/Flooded_Grounds/Content/Textures/MISC_Grid2.tif
  artifactKey: Guid(c2658d65b57586f42826ce7dd47cc77c) Importer(815301076,1909f56bfc062723c751e8b465ee728b)
Start importing Assets/Flooded_Grounds/Content/Textures/MISC_Grid2.tif using Guid(c2658d65b57586f42826ce7dd47cc77c) Importer(815301076,1909f56bfc062723c751e8b465ee728b)  -> (artifact id: 'f9d30e6167e349fce1916ccdab8b9e8a') in 0.013548 seconds
Number of updated asset objects reloaded before import = 0
Number of asset objects unloaded after import = 2
========================================================================
Received Import Request.
  Time since last request: 0.005190 seconds.
  path: Assets/Flooded_Grounds/Content/Textures/NAT_CobbleRocks1_MS.tif
  artifactKey: Guid(312f2f1204d2edc45bd30d34947f04f4) Importer(815301076,1909f56bfc062723c751e8b465ee728b)
Start importing Assets/Flooded_Grounds/Content/Textures/NAT_CobbleRocks1_MS.tif using Guid(312f2f1204d2edc45bd30d34947f04f4) Importer(815301076,1909f56bfc062723c751e8b465ee728b)  -> (artifact id: '1d86a1fc76da389da0edd09333a408c1') in 0.012625 seconds
Number of updated asset objects reloaded before import = 0
Number of asset objects unloaded after import = 2
========================================================================
Received Import Request.
  Time since last request: 0.000021 seconds.
  path: Assets/Flooded_Grounds/Content/Textures/NAT_Rocks1_MS.tif
  artifactKey: Guid(9f6e42bf925bc1844a4f48c5459b9ab5) Importer(815301076,1909f56bfc062723c751e8b465ee728b)
Start importing Assets/Flooded_Grounds/Content/Textures/NAT_Rocks1_MS.tif using Guid(9f6e42bf925bc1844a4f48c5459b9ab5) Importer(815301076,1909f56bfc062723c751e8b465ee728b)  -> (artifact id: 'a3d33c99b7de039f96d56ce4f17f89a6') in 0.017753 seconds
Number of updated asset objects reloaded before import = 0
Number of asset objects unloaded after import = 2
========================================================================
Received Import Request.
  Time since last request: 0.000044 seconds.
  path: Assets/Flooded_Grounds/PostProcessing/Textures/LUTs/NeutralLUT_32.png
  artifactKey: Guid(4f98e9c96c8a48541b5eb704e92d99b8) Importer(815301076,1909f56bfc062723c751e8b465ee728b)
Start importing Assets/Flooded_Grounds/PostProcessing/Textures/LUTs/NeutralLUT_32.png using Guid(4f98e9c96c8a48541b5eb704e92d99b8) Importer(815301076,1909f56bfc062723c751e8b465ee728b)  -> (artifact id: '18db82b6b28940207830d940378a6445') in 0.020742 seconds
Number of updated asset objects reloaded before import = 0
Number of asset objects unloaded after import = 2
========================================================================
Received Import Request.
  Time since last request: 0.000020 seconds.
  path: Assets/boxes_pack/Materials/Textures/pbr_boxes.psd
  artifactKey: Guid(838ae3214c5bd8e4087bdc5722b59681) Importer(815301076,1909f56bfc062723c751e8b465ee728b)
Start importing Assets/boxes_pack/Materials/Textures/pbr_boxes.psd using Guid(838ae3214c5bd8e4087bdc5722b59681) Importer(815301076,1909f56bfc062723c751e8b465ee728b)  -> (artifact id: '63b3eed9a6cb83db859ee80411e9c6a7') in 0.022648 seconds
Number of updated asset objects reloaded before import = 0
Number of asset objects unloaded after import = 2
========================================================================
Received Import Request.
  Time since last request: 0.000049 seconds.
  path: Assets/Flooded_Grounds/Prefabs/Nature/Trees/TreeCreator_Tall_B_Textures/normal_specular.png
  artifactKey: Guid(f0cb33afac60bc24ba6b72c683b664b4) Importer(815301076,1909f56bfc062723c751e8b465ee728b)
Start importing Assets/Flooded_Grounds/Prefabs/Nature/Trees/TreeCreator_Tall_B_Textures/normal_specular.png using Guid(f0cb33afac60bc24ba6b72c683b664b4) Importer(815301076,1909f56bfc062723c751e8b465ee728b)  -> (artifact id: '3650caa6e2d41c3a26426a8155452f6a') in 0.015462 seconds
Number of updated asset objects reloaded before import = 0
Number of asset objects unloaded after import = 2
========================================================================
Received Import Request.
  Time since last request: 0.000020 seconds.
  path: Assets/Flooded_Grounds/Prefabs/Nature/Trees/TreeCreator_Tall_C_Dead_Textures/normal_specular.png
  artifactKey: Guid(31c8b057acd918343a5dddb96bfa3ae8) Importer(815301076,1909f56bfc062723c751e8b465ee728b)
Start importing Assets/Flooded_Grounds/Prefabs/Nature/Trees/TreeCreator_Tall_C_Dead_Textures/normal_specular.png using Guid(31c8b057acd918343a5dddb96bfa3ae8) Importer(815301076,1909f56bfc062723c751e8b465ee728b)  -> (artifact id: '9b8ea225615a677888dd7c7035b90ff5') in 0.023829 seconds
Number of updated asset objects reloaded before import = 0
Number of asset objects unloaded after import = 2
========================================================================
Received Import Request.
  Time since last request: 0.000036 seconds.
  path: Assets/boxes_pack/Materials/Textures/pbr_box_ammo_d.tga
  artifactKey: Guid(b4b424d88f2574e4980e43ffc3e29de8) Importer(815301076,1909f56bfc062723c751e8b465ee728b)
Start importing Assets/boxes_pack/Materials/Textures/pbr_box_ammo_d.tga using Guid(b4b424d88f2574e4980e43ffc3e29de8) Importer(815301076,1909f56bfc062723c751e8b465ee728b)  -> (artifact id: 'a40ff1ca8307601e00e4c0ad18163d7c') in 0.028134 seconds
Number of updated asset objects reloaded before import = 0
Number of asset objects unloaded after import = 2
========================================================================
Received Import Request.
  Time since last request: 0.000033 seconds.
  path: Assets/Flooded_Grounds/Content/Textures/NAT_Rocks1_A.tif
  artifactKey: Guid(d7e7d2f467c11f145b19071766826717) Importer(815301076,1909f56bfc062723c751e8b465ee728b)
Start importing Assets/Flooded_Grounds/Content/Textures/NAT_Rocks1_A.tif using Guid(d7e7d2f467c11f145b19071766826717) Importer(815301076,1909f56bfc062723c751e8b465ee728b)  -> (artifact id: '63084a1c1957d99c98862c02537126c4') in 0.036125 seconds
Number of updated asset objects reloaded before import = 0
Number of asset objects unloaded after import = 2
========================================================================
Received Import Request.
  Time since last request: 0.061916 seconds.
  path: Assets/Flooded_Grounds/Content/Textures/PROP_Beds1_N.tif
  artifactKey: Guid(4e8c1fa62fe87144db2f2e7d3b875760) Importer(815301076,1909f56bfc062723c751e8b465ee728b)
Start importing Assets/Flooded_Grounds/Content/Textures/PROP_Beds1_N.tif using Guid(4e8c1fa62fe87144db2f2e7d3b875760) Importer(815301076,1909f56bfc062723c751e8b465ee728b)  -> (artifact id: '088c7e56f678c52cb555032237e6b1f1') in 0.066815 seconds
Number of updated asset objects reloaded before import = 0
Number of asset objects unloaded after import = 2
========================================================================
Received Import Request.
  Time since last request: 0.000035 seconds.
  path: Assets/Flooded_Grounds/Content/Textures/PROP_Boat1_MS.tif
  artifactKey: Guid(65ae82e2f60f44b4e8c4d9640fe1e9aa) Importer(815301076,1909f56bfc062723c751e8b465ee728b)
Start importing Assets/Flooded_Grounds/Content/Textures/PROP_Boat1_MS.tif using Guid(65ae82e2f60f44b4e8c4d9640fe1e9aa) Importer(815301076,1909f56bfc062723c751e8b465ee728b)  -> (artifact id: '06742290c4fe05ec418a9eb9bac5a17c') in 0.031708 seconds
Number of updated asset objects reloaded before import = 0
Number of asset objects unloaded after import = 2
========================================================================
Received Import Request.
  Time since last request: 0.000022 seconds.
  path: Assets/Flooded_Grounds/Content/Textures/PROP_Boat1_A.tif
  artifactKey: Guid(d6f27195030c7464cadb3d67e41abc58) Importer(815301076,1909f56bfc062723c751e8b465ee728b)
Start importing Assets/Flooded_Grounds/Content/Textures/PROP_Boat1_A.tif using Guid(d6f27195030c7464cadb3d67e41abc58) Importer(815301076,1909f56bfc062723c751e8b465ee728b)  -> (artifact id: '92adad5ce553a22623778eb87c54610e') in 0.066058 seconds
Number of updated asset objects reloaded before import = 0
Number of asset objects unloaded after import = 2
========================================================================
Received Import Request.
  Time since last request: 0.000033 seconds.
  path: Assets/Flooded_Grounds/Content/Textures/PROP_Car1_AO.tif
  artifactKey: Guid(c5621d59e16f0ce47bcd84076fa3a382) Importer(815301076,1909f56bfc062723c751e8b465ee728b)
Start importing Assets/Flooded_Grounds/Content/Textures/PROP_Car1_AO.tif using Guid(c5621d59e16f0ce47bcd84076fa3a382) Importer(815301076,1909f56bfc062723c751e8b465ee728b)  -> (artifact id: 'ba7273e523d4b51c5599b03543e39643') in 0.033942 seconds
Number of updated asset objects reloaded before import = 0
Number of asset objects unloaded after import = 2
========================================================================
Received Import Request.
  Time since last request: 0.000055 seconds.
  path: Assets/Flooded_Grounds/Content/Textures/PROP_Cabinets1_MS.tif
  artifactKey: Guid(d0317a7dbc9e55d4fba37ce367563793) Importer(815301076,1909f56bfc062723c751e8b465ee728b)
Start importing Assets/Flooded_Grounds/Content/Textures/PROP_Cabinets1_MS.tif using Guid(d0317a7dbc9e55d4fba37ce367563793) Importer(815301076,1909f56bfc062723c751e8b465ee728b)  -> (artifact id: '03095cfafc20c811578a413ed8fa702a') in 0.017807 seconds
Number of updated asset objects reloaded before import = 0
Number of asset objects unloaded after import = 2
========================================================================
Received Import Request.
  Time since last request: 0.000049 seconds.
  path: Assets/Flooded_Grounds/Content/Textures/PROP_ParkBench1_AO.tif
  artifactKey: Guid(b0f9b1499ecb1024894eb8218f737471) Importer(815301076,1909f56bfc062723c751e8b465ee728b)
Start importing Assets/Flooded_Grounds/Content/Textures/PROP_ParkBench1_AO.tif using Guid(b0f9b1499ecb1024894eb8218f737471) Importer(815301076,1909f56bfc062723c751e8b465ee728b)  -> (artifact id: '1f1afa8ab6c76bf1d8b3a2450a714a66') in 0.029180 seconds
Number of updated asset objects reloaded before import = 0
Number of asset objects unloaded after import = 2
========================================================================
Received Import Request.
  Time since last request: 0.000026 seconds.
  path: Assets/Flooded_Grounds/Content/Textures/PROP_RugsPaintigs1_MS.tif
  artifactKey: Guid(d74fcff7ac5febd41922d058389957c2) Importer(815301076,1909f56bfc062723c751e8b465ee728b)
Start importing Assets/Flooded_Grounds/Content/Textures/PROP_RugsPaintigs1_MS.tif using Guid(d74fcff7ac5febd41922d058389957c2) Importer(815301076,1909f56bfc062723c751e8b465ee728b)  -> (artifact id: '2e8dd0a11a5b708ef42a4830fb5f0263') in 0.013713 seconds
Number of updated asset objects reloaded before import = 0
Number of asset objects unloaded after import = 2
========================================================================
Received Import Request.
  Time since last request: 0.000043 seconds.
  path: Assets/Flooded_Grounds/Content/Textures/PROP_Gravestones1_N.tif
  artifactKey: Guid(7cd0e8a8815bb0143a259b81bab8c78a) Importer(815301076,1909f56bfc062723c751e8b465ee728b)
Start importing Assets/Flooded_Grounds/Content/Textures/PROP_Gravestones1_N.tif using Guid(7cd0e8a8815bb0143a259b81bab8c78a) Importer(815301076,1909f56bfc062723c751e8b465ee728b)  -> (artifact id: 'def2771cb0f7e9b53ba7fe7162f85ac0') in 0.096208 seconds
Number of updated asset objects reloaded before import = 0
Number of asset objects unloaded after import = 2
========================================================================
Received Import Request.
  Time since last request: 1.114564 seconds.
  path: Assets/Flooded_Grounds/Content/Textures/PROP_Ship1_MS.tif
  artifactKey: Guid(17e7c47e2acab94499b4cbab4bee07b8) Importer(815301076,1909f56bfc062723c751e8b465ee728b)
Start importing Assets/Flooded_Grounds/Content/Textures/PROP_Ship1_MS.tif using Guid(17e7c47e2acab94499b4cbab4bee07b8) Importer(815301076,1909f56bfc062723c751e8b465ee728b)  -> (artifact id: '512fbed8b1bf4f052d9fba841395379a') in 0.045520 seconds
Number of updated asset objects reloaded before import = 0
Number of asset objects unloaded after import = 2
========================================================================
Received Import Request.
  Time since last request: 0.000046 seconds.
  path: Assets/Flooded_Grounds/Content/Textures/PROP_SmallProps2_AO.tif
  artifactKey: Guid(331829054f7fecd489e93220a51e9254) Importer(815301076,1909f56bfc062723c751e8b465ee728b)
Start importing Assets/Flooded_Grounds/Content/Textures/PROP_SmallProps2_AO.tif using Guid(331829054f7fecd489e93220a51e9254) Importer(815301076,1909f56bfc062723c751e8b465ee728b)  -> (artifact id: '2df387a7de64702723a5b1f99a47fd77') in 0.016836 seconds
Number of updated asset objects reloaded before import = 0
Number of asset objects unloaded after import = 2
========================================================================
Received Import Request.
  Time since last request: 0.000027 seconds.
  path: Assets/Hostages/H1/Textures/Remy_Body_Gloss.png
  artifactKey: Guid(c18bd78bb86ac534c975de5fc25c8f0f) Importer(815301076,1909f56bfc062723c751e8b465ee728b)
Start importing Assets/Hostages/H1/Textures/Remy_Body_Gloss.png using Guid(c18bd78bb86ac534c975de5fc25c8f0f) Importer(815301076,1909f56bfc062723c751e8b465ee728b)  -> (artifact id: 'bcc1219af392bfa6369e62c2d1f823eb') in 0.028709 seconds
Number of updated asset objects reloaded before import = 0
Number of asset objects unloaded after import = 2
========================================================================
Received Import Request.
  Time since last request: 0.000029 seconds.
  path: Assets/Hostages/H1/Textures/Remy_Bottom_Specular.png
  artifactKey: Guid(50ef8db285a79894cba691c1ba19b807) Importer(815301076,1909f56bfc062723c751e8b465ee728b)
Start importing Assets/Hostages/H1/Textures/Remy_Bottom_Specular.png using Guid(50ef8db285a79894cba691c1ba19b807) Importer(815301076,1909f56bfc062723c751e8b465ee728b)  -> (artifact id: '7f3d6009efb24c2734a0178d8d7f45ff') in 0.018243 seconds
Number of updated asset objects reloaded before import = 0
Number of asset objects unloaded after import = 2
========================================================================
Received Import Request.
  Time since last request: 0.000058 seconds.
  path: Assets/Hostages/H1/Textures/Remy_Bottom_Normal.png
  artifactKey: Guid(43dc984a7a53ef343b011d245d91f5f7) Importer(815301076,1909f56bfc062723c751e8b465ee728b)
Start importing Assets/Hostages/H1/Textures/Remy_Bottom_Normal.png using Guid(43dc984a7a53ef343b011d245d91f5f7) Importer(815301076,1909f56bfc062723c751e8b465ee728b)  -> (artifact id: '28ec3ca0ec8a6ccc79337a857785d899') in 0.029717 seconds
Number of updated asset objects reloaded before import = 0
Number of asset objects unloaded after import = 2
========================================================================
Received Import Request.
  Time since last request: 0.000055 seconds.
  path: Assets/Hostages/H1/Textures/Remy_Bottom_Gloss.png
  artifactKey: Guid(e8a87355d338566459fc9d4da5c4d42d) Importer(815301076,1909f56bfc062723c751e8b465ee728b)
Start importing Assets/Hostages/H1/Textures/Remy_Bottom_Gloss.png using Guid(e8a87355d338566459fc9d4da5c4d42d) Importer(815301076,1909f56bfc062723c751e8b465ee728b)  -> (artifact id: 'da3a86ff219f10ef9bca3b958eff1c9f') in 0.025062 seconds
Number of updated asset objects reloaded before import = 0
Number of asset objects unloaded after import = 2
========================================================================
Received Import Request.
  Time since last request: 0.000039 seconds.
  path: Assets/Flooded_Grounds/Content/Textures/PROP_SmallProps1_A.tif
  artifactKey: Guid(237b057e663a74e41be862053ec11ef0) Importer(815301076,1909f56bfc062723c751e8b465ee728b)
Start importing Assets/Flooded_Grounds/Content/Textures/PROP_SmallProps1_A.tif using Guid(237b057e663a74e41be862053ec11ef0) Importer(815301076,1909f56bfc062723c751e8b465ee728b)  -> (artifact id: '3ca2a6cb546cd03f04ddfb30101bff3b') in 0.030956 seconds
Number of updated asset objects reloaded before import = 0
Number of asset objects unloaded after import = 2
========================================================================
Received Import Request.
  Time since last request: 0.000102 seconds.
  path: Assets/Hostages/H1/Textures/Remy_Body_Opacity.png
  artifactKey: Guid(a1eabc3aca5f75644b78c07991669d70) Importer(815301076,1909f56bfc062723c751e8b465ee728b)
Start importing Assets/Hostages/H1/Textures/Remy_Body_Opacity.png using Guid(a1eabc3aca5f75644b78c07991669d70) Importer(815301076,1909f56bfc062723c751e8b465ee728b)  -> (artifact id: '64d58dc6d0f9555cd1c21059da755817') in 0.028980 seconds
Number of updated asset objects reloaded before import = 0
Number of asset objects unloaded after import = 2
========================================================================
Received Import Request.
  Time since last request: 0.000022 seconds.
  path: Assets/Hostages/H1/Textures/Remy_Shoes_Specular.png
  artifactKey: Guid(3976e074979a6d94dad76b24c331622c) Importer(815301076,1909f56bfc062723c751e8b465ee728b)
Start importing Assets/Hostages/H1/Textures/Remy_Shoes_Specular.png using Guid(3976e074979a6d94dad76b24c331622c) Importer(815301076,1909f56bfc062723c751e8b465ee728b)  -> (artifact id: 'e31ce3e9a84ab02e4c11867813a83c61') in 0.035828 seconds
Number of updated asset objects reloaded before import = 0
Number of asset objects unloaded after import = 2
========================================================================
Received Import Request.
  Time since last request: 0.000028 seconds.
  path: Assets/Hostages/H1/Textures/Remy_Top_Normal.png
  artifactKey: Guid(389a28cd5ac68044fa300ba2c3279400) Importer(815301076,1909f56bfc062723c751e8b465ee728b)
Start importing Assets/Hostages/H1/Textures/Remy_Top_Normal.png using Guid(389a28cd5ac68044fa300ba2c3279400) Importer(815301076,1909f56bfc062723c751e8b465ee728b)  -> (artifact id: '8da49fa413852d6f7939593aec23ef68') in 0.020302 seconds
Number of updated asset objects reloaded before import = 0
Number of asset objects unloaded after import = 2
========================================================================
Received Import Request.
  Time since last request: 0.000028 seconds.
  path: Assets/Flooded_Grounds/Prefabs/Nature/Trees/TreeCreator_Crinkly_B_Textures/shadow.png
  artifactKey: Guid(b5296293e000f8448aba6559ed160bf0) Importer(815301076,1909f56bfc062723c751e8b465ee728b)
Start importing Assets/Flooded_Grounds/Prefabs/Nature/Trees/TreeCreator_Crinkly_B_Textures/shadow.png using Guid(b5296293e000f8448aba6559ed160bf0) Importer(815301076,1909f56bfc062723c751e8b465ee728b)  -> (artifact id: '22874b26e6d2e65db3ff9edb74df1087') in 0.009555 seconds
Number of updated asset objects reloaded before import = 0
Number of asset objects unloaded after import = 2
========================================================================
Received Import Request.
  Time since last request: 0.000036 seconds.
  path: Assets/Flooded_Grounds/Prefabs/Nature/Trees/TreeCreator_Tall_B_Textures/shadow.png
  artifactKey: Guid(9c04d19f5b819314b9a6dfb2cda62177) Importer(815301076,1909f56bfc062723c751e8b465ee728b)
Start importing Assets/Flooded_Grounds/Prefabs/Nature/Trees/TreeCreator_Tall_B_Textures/shadow.png using Guid(9c04d19f5b819314b9a6dfb2cda62177) Importer(815301076,1909f56bfc062723c751e8b465ee728b)  -> (artifact id: '49ac521ce392dab053e25341ecc81994') in 0.009893 seconds
Number of updated asset objects reloaded before import = 0
Number of asset objects unloaded after import = 2
========================================================================
Received Import Request.
  Time since last request: 0.000034 seconds.
  path: Assets/Flooded_Grounds/Prefabs/Nature/Trees/TreeCreator_Tall_C_Textures/translucency_gloss.png
  artifactKey: Guid(65adcbd0751c9f7428419ed439393683) Importer(815301076,1909f56bfc062723c751e8b465ee728b)
Start importing Assets/Flooded_Grounds/Prefabs/Nature/Trees/TreeCreator_Tall_C_Textures/translucency_gloss.png using Guid(65adcbd0751c9f7428419ed439393683) Importer(815301076,1909f56bfc062723c751e8b465ee728b)  -> (artifact id: '0e84c07007ef59fa59f01aeb4d979ee2') in 0.051426 seconds
Number of updated asset objects reloaded before import = 0
Number of asset objects unloaded after import = 2
========================================================================
Received Import Request.
  Time since last request: 0.000065 seconds.
  path: Assets/JMO Assets/WarFX/Demo/Assets/WFX_Demo_T_M4.tga
  artifactKey: Guid(8bb64b30715a946c4af195846eb24774) Importer(815301076,1909f56bfc062723c751e8b465ee728b)
Start importing Assets/JMO Assets/WarFX/Demo/Assets/WFX_Demo_T_M4.tga using Guid(8bb64b30715a946c4af195846eb24774) Importer(815301076,1909f56bfc062723c751e8b465ee728b)  -> (artifact id: 'fa3d95709c07bb8f5f81d669193f196e') in 0.019253 seconds
Number of updated asset objects reloaded before import = 0
Number of asset objects unloaded after import = 2
========================================================================
Received Import Request.
  Time since last request: 0.000021 seconds.
  path: Assets/Hostages/H1/Textures/Remy_Top_Specular.png
  artifactKey: Guid(882e1debfc0b54a419a720930a772fa5) Importer(815301076,1909f56bfc062723c751e8b465ee728b)
Start importing Assets/Hostages/H1/Textures/Remy_Top_Specular.png using Guid(882e1debfc0b54a419a720930a772fa5) Importer(815301076,1909f56bfc062723c751e8b465ee728b)  -> (artifact id: '233563f6911964e7dcca9ccf9651fae8') in 0.020068 seconds
Number of updated asset objects reloaded before import = 0
Number of asset objects unloaded after import = 2
========================================================================
Received Import Request.
  Time since last request: 0.000033 seconds.
  path: Assets/JMO Assets/WarFX/Desktop/Textures/Bullet Holes/WFX_T_BulletHoles Concrete.tga
  artifactKey: Guid(eca10a393fd9c894fa28b8013cedf3cb) Importer(815301076,1909f56bfc062723c751e8b465ee728b)
Start importing Assets/JMO Assets/WarFX/Desktop/Textures/Bullet Holes/WFX_T_BulletHoles Concrete.tga using Guid(eca10a393fd9c894fa28b8013cedf3cb) Importer(815301076,1909f56bfc062723c751e8b465ee728b)  -> (artifact id: 'c4386e06fc7fb644ad0fabe83bdeee47') in 0.031559 seconds
Number of updated asset objects reloaded before import = 0
Number of asset objects unloaded after import = 2
========================================================================
Received Import Request.
  Time since last request: 0.000122 seconds.
  path: Assets/Flooded_Grounds/PostProcessing/Textures/Spectral LUTs/SpectralLut_RedBlue.tga
  artifactKey: Guid(ff5f3317371838d4fa16ac6c2acf2040) Importer(815301076,1909f56bfc062723c751e8b465ee728b)
Start importing Assets/Flooded_Grounds/PostProcessing/Textures/Spectral LUTs/SpectralLut_RedBlue.tga using Guid(ff5f3317371838d4fa16ac6c2acf2040) Importer(815301076,1909f56bfc062723c751e8b465ee728b)  -> (artifact id: '7c6041c3e77a601bd5cd1651a833de78') in 0.021116 seconds
Number of updated asset objects reloaded before import = 0
Number of asset objects unloaded after import = 2
========================================================================
Received Import Request.
  Time since last request: 0.000053 seconds.
  path: Assets/Hostages/H1/Textures/Remy_Hair_Specular.png
  artifactKey: Guid(1e37825061aa47147bba3f6f7403cf25) Importer(815301076,1909f56bfc062723c751e8b465ee728b)
Start importing Assets/Hostages/H1/Textures/Remy_Hair_Specular.png using Guid(1e37825061aa47147bba3f6f7403cf25) Importer(815301076,1909f56bfc062723c751e8b465ee728b)  -> (artifact id: '3a206cb773963f6b837e220990e25fbf') in 0.026399 seconds
Number of updated asset objects reloaded before import = 0
Number of asset objects unloaded after import = 2
========================================================================
Received Import Request.
  Time since last request: 0.029915 seconds.
  path: Assets/JMO Assets/WarFX/Desktop/Textures/Misc/WFX_T_Debris Wood.tga
  artifactKey: Guid(6499ec80e8fac904592dfa142f3436ae) Importer(815301076,1909f56bfc062723c751e8b465ee728b)
Start importing Assets/JMO Assets/WarFX/Desktop/Textures/Misc/WFX_T_Debris Wood.tga using Guid(6499ec80e8fac904592dfa142f3436ae) Importer(815301076,1909f56bfc062723c751e8b465ee728b)  -> (artifact id: 'bd72bf3855ff8af5df77474e3e521625') in 0.015546 seconds
Number of updated asset objects reloaded before import = 0
Number of asset objects unloaded after import = 2
========================================================================
Received Import Request.
  Time since last request: 0.134726 seconds.
  path: Assets/JMO Assets/WarFX/Desktop/Textures/Smoke/WFX_T_SmokeLoopAlpha.tga
  artifactKey: Guid(a222b3d2c604e1946af11e01d29efdee) Importer(815301076,1909f56bfc062723c751e8b465ee728b)
Start importing Assets/JMO Assets/WarFX/Desktop/Textures/Smoke/WFX_T_SmokeLoopAlpha.tga using Guid(a222b3d2c604e1946af11e01d29efdee) Importer(815301076,1909f56bfc062723c751e8b465ee728b)  -> (artifact id: 'be2711340507aba150fcb2dda05a1bee') in 0.015981 seconds
Number of updated asset objects reloaded before import = 0
Number of asset objects unloaded after import = 2
========================================================================
Received Import Request.
  Time since last request: 0.016049 seconds.
  path: Assets/JMO Assets/WarFX/Desktop/Textures/Flames/WFX_T_StarFlames A8.tga
  artifactKey: Guid(714258cc1f8222649840f292337fb353) Importer(815301076,1909f56bfc062723c751e8b465ee728b)
Start importing Assets/JMO Assets/WarFX/Desktop/Textures/Flames/WFX_T_StarFlames A8.tga using Guid(714258cc1f8222649840f292337fb353) Importer(815301076,1909f56bfc062723c751e8b465ee728b)  -> (artifact id: 'fa4c2a7ebea418b6cfeacb61f2374c61') in 0.015895 seconds
Number of updated asset objects reloaded before import = 0
Number of asset objects unloaded after import = 2
========================================================================
Received Import Request.
  Time since last request: 0.005342 seconds.
  path: Assets/JMO Assets/WarFX/Mobile/Textures/Bullet Holes/WFXM_T_BulletHoles Metal.tga
  artifactKey: Guid(d74d17bdf6b914349b2ab7ed40e9def6) Importer(815301076,1909f56bfc062723c751e8b465ee728b)
Start importing Assets/JMO Assets/WarFX/Mobile/Textures/Bullet Holes/WFXM_T_BulletHoles Metal.tga using Guid(d74d17bdf6b914349b2ab7ed40e9def6) Importer(815301076,1909f56bfc062723c751e8b465ee728b)  -> (artifact id: '0ecf2e1605fce259597c1e3f28dba084') in 0.014931 seconds
Number of updated asset objects reloaded before import = 0
Number of asset objects unloaded after import = 2
========================================================================
Received Import Request.
  Time since last request: 0.000872 seconds.
  path: Assets/JMO Assets/WarFX/Mobile/Textures/Flames/WFXM_T_DoubleFlames A8.tga
  artifactKey: Guid(65859a535a819c54f91331fb9847bce4) Importer(815301076,1909f56bfc062723c751e8b465ee728b)
Start importing Assets/JMO Assets/WarFX/Mobile/Textures/Flames/WFXM_T_DoubleFlames A8.tga using Guid(65859a535a819c54f91331fb9847bce4) Importer(815301076,1909f56bfc062723c751e8b465ee728b)  -> (artifact id: '1b39ac3edb4693248e9e96858fd18ec0') in 0.013078 seconds
Number of updated asset objects reloaded before import = 0
Number of asset objects unloaded after import = 2
========================================================================
Received Import Request.
  Time since last request: 0.010424 seconds.
  path: Assets/JMO Assets/WarFX/Mobile/Textures/Flames/WFXM_T_FlamesSmallLoopAlpha.tga
  artifactKey: Guid(2a4b64d5a28398940b5d06d77c2dbe57) Importer(815301076,1909f56bfc062723c751e8b465ee728b)
Start importing Assets/JMO Assets/WarFX/Mobile/Textures/Flames/WFXM_T_FlamesSmallLoopAlpha.tga using Guid(2a4b64d5a28398940b5d06d77c2dbe57) Importer(815301076,1909f56bfc062723c751e8b465ee728b)  -> (artifact id: 'fb8ece85568b02ed2ffc7765434dc20f') in 0.014793 seconds
Number of updated asset objects reloaded before import = 0
Number of asset objects unloaded after import = 2
========================================================================
Received Import Request.
  Time since last request: 0.021699 seconds.
  path: Assets/JMO Assets/WarFX/Mobile/Textures/MuzzleFlashes/WFXM_T_MF FrontRear RIFLE2 A8.png
  artifactKey: Guid(a6119e1b774e68f449ced7123306e446) Importer(815301076,1909f56bfc062723c751e8b465ee728b)
Start importing Assets/JMO Assets/WarFX/Mobile/Textures/MuzzleFlashes/WFXM_T_MF FrontRear RIFLE2 A8.png using Guid(a6119e1b774e68f449ced7123306e446) Importer(815301076,1909f56bfc062723c751e8b465ee728b)  -> (artifact id: '56f2d0b68b19066844d1189d096334d0') in 0.013081 seconds
Number of updated asset objects reloaded before import = 0
Number of asset objects unloaded after import = 2
========================================================================
Received Import Request.
  Time since last request: 0.076969 seconds.
  path: Assets/JMO Assets/WarFX/Mobile/Textures/MuzzleFlashes/WFXM_T_MF Sparks RIFLE2 A8.tga
  artifactKey: Guid(e5bdef96f2433ec48bd681d41f37d62c) Importer(815301076,1909f56bfc062723c751e8b465ee728b)
Start importing Assets/JMO Assets/WarFX/Mobile/Textures/MuzzleFlashes/WFXM_T_MF Sparks RIFLE2 A8.tga using Guid(e5bdef96f2433ec48bd681d41f37d62c) Importer(815301076,1909f56bfc062723c751e8b465ee728b)  -> (artifact id: 'c2ce0e103a2a7dc77809f30f68ce297c') in 0.010448 seconds
Number of updated asset objects reloaded before import = 0
Number of asset objects unloaded after import = 2
========================================================================
Received Import Request.
  Time since last request: 0.009798 seconds.
  path: Assets/JMO Assets/WarFX/Mobile/Textures/Smoke/WFXM_T_SmokeLoopAlpha.tga
  artifactKey: Guid(00102373043eef842bee9e986845e68b) Importer(815301076,1909f56bfc062723c751e8b465ee728b)
Start importing Assets/JMO Assets/WarFX/Mobile/Textures/Smoke/WFXM_T_SmokeLoopAlpha.tga using Guid(00102373043eef842bee9e986845e68b) Importer(815301076,1909f56bfc062723c751e8b465ee728b)  -> (artifact id: '5bf534624e34f9c904e27eb8db4ab986') in 0.014570 seconds
Number of updated asset objects reloaded before import = 0
Number of asset objects unloaded after import = 2
========================================================================
Received Import Request.
  Time since last request: 0.489482 seconds.
  path: Assets/Zombies/Zombie2/Textures/Zombie.tga
  artifactKey: Guid(6291fbf5d0e7c4642ad863eaf8b60622) Importer(815301076,1909f56bfc062723c751e8b465ee728b)
Start importing Assets/Zombies/Zombie2/Textures/Zombie.tga using Guid(6291fbf5d0e7c4642ad863eaf8b60622) Importer(815301076,1909f56bfc062723c751e8b465ee728b)  -> (artifact id: '7cb7f4d2a0ccc41e23480c9744146e6e') in 0.022114 seconds
Number of updated asset objects reloaded before import = 0
Number of asset objects unloaded after import = 2
========================================================================
Received Import Request.
  Time since last request: 0.050220 seconds.
  path: Assets/Zombies/Zombie2/Textures/Zombie_nm.png
  artifactKey: Guid(decb53c07686cc94b860f8e04d438d22) Importer(815301076,1909f56bfc062723c751e8b465ee728b)
Start importing Assets/Zombies/Zombie2/Textures/Zombie_nm.png using Guid(decb53c07686cc94b860f8e04d438d22) Importer(815301076,1909f56bfc062723c751e8b465ee728b)  -> (artifact id: '85daca65660a08b9928f27e3768151dc') in 0.029375 seconds
Number of updated asset objects reloaded before import = 0
Number of asset objects unloaded after import = 2
========================================================================
Received Prepare
Begin MonoManager ReloadAssembly
Symbol file LoadedFromMemory doesn't match image C:\Users\iremi\Desktop\unityegitim\ZombieGame\Library\PackageCache\com.unity.visualscripting@1.8.0\Editor\VisualScripting.Core\Dependencies\YamlDotNet\Unity.VisualScripting.YamlDotNet.dll
Symbol file LoadedFromMemory doesn't match image C:\Users\iremi\Desktop\unityegitim\ZombieGame\Library\PackageCache\com.unity.visualscripting@1.8.0\Editor\VisualScripting.Core\Dependencies\DotNetZip\Unity.VisualScripting.IonicZip.dll
- Loaded All Assemblies, in  0.750 seconds
Refreshing native plugins compatible for Editor in 3.01 ms, found 3 plugins.
Native extension for WindowsStandalone target not found
Native extension for Android target not found
Native extension for WebGL target not found
Mono: successfully reloaded assembly
- Finished resetting the current domain, in  1.226 seconds
Domain Reload Profiling: 1974ms
	BeginReloadAssembly (138ms)
		ExecutionOrderSort (0ms)
		DisableScriptedObjects (5ms)
		BackupInstance (0ms)
		ReleaseScriptingObjects (0ms)
		CreateAndSetChildDomain (40ms)
	RebuildCommonClasses (35ms)
	RebuildNativeTypeToScriptingClass (11ms)
	initialDomainReloadingComplete (30ms)
	LoadAllAssembliesAndSetupDomain (534ms)
		LoadAssemblies (291ms)
		RebuildTransferFunctionScriptingTraits (0ms)
		AnalyzeDomain (299ms)
			TypeCache.Refresh (294ms)
				TypeCache.ScanAssembly (280ms)
			ScanForSourceGeneratedMonoScriptInfo (0ms)
			ResolveRequiredComponents (5ms)
	FinalizeReload (1227ms)
		ReleaseScriptCaches (0ms)
		RebuildScriptCaches (0ms)
		SetupLoadedEditorAssemblies (390ms)
			LogAssemblyErrors (0ms)
			InitializePlatformSupportModulesInManaged (27ms)
			SetLoadedEditorAssemblies (3ms)
			RefreshPlugins (0ms)
			BeforeProcessingInitializeOnLoad (64ms)
			ProcessInitializeOnLoadAttributes (254ms)
			ProcessInitializeOnLoadMethodAttributes (30ms)
			AfterProcessingInitializeOnLoad (11ms)
			EditorAssembliesLoaded (1ms)
		ExecutionOrderSort2 (0ms)
		AwakeInstancesAfterBackupRestoration (9ms)
Shader 'WFX/Transparent Specular': fallback shader 'Particles/Alpha Blended' not found
Shader 'WFX/Transparent Diffuse': fallback shader 'Particles/Alpha Blended' not found
Refreshing native plugins compatible for Editor in 5.04 ms, found 3 plugins.
Preloading 0 native plugins for Editor in 0.00 ms.
Unloading 3387 Unused Serialized files (Serialized files now loaded: 0)
Unloading 30 unused Assets / (0.9 MB). Loaded Objects now: 3946.
Memory consumption went from 148.8 MB to 147.9 MB.
Total: 11.703800 ms (FindLiveObjects: 0.497100 ms CreateObjectMapping: 0.120600 ms MarkObjects: 9.164000 ms  DeleteObjects: 1.918100 ms)

Prepare: number of updated asset objects reloaded= 0
AssetImportParameters requested are different than current active one (requested -> active):
  custom:container-demuxer-ogg: 62fdf1f143b41e24485cea50d1cbac27 -> 
  custom:video-decoder-ogg-theora: a1e56fd34408186e4bbccfd4996cb3dc -> 
  custom:framework-win-MediaFoundation: 216162199b28c13a410421893ffa2e32 -> 
  custom:container-demuxer-webm: 4f35f7cbe854078d1ac9338744f61a02 -> 
  custom:container-muxer-webm: aa71ff27fc2769a1b78a27578f13a17b -> 
  custom:video-decoder-webm-vp8: 9c59270c3fd7afecdb556c50c9e8de78 -> 
  custom:AudioImporter_EditorPlatform: d09bf68614088b80899f8185d706f6e7 -> 
  custom:video-encoder-webm-vp8: eb34c28f22e8b96e1ab97ce403110664 -> 
  custom:audio-decoder-ogg-vorbis: bf7c407c2cedff20999df2af8eb42d56 -> 
  custom:audio-encoder-webm-vorbis: bf7c407c2cedff20999df2af8eb42d56 -> 
========================================================================
Received Prepare
Begin MonoManager ReloadAssembly
Symbol file LoadedFromMemory doesn't match image C:\Users\iremi\Desktop\unityegitim\ZombieGame\Library\PackageCache\com.unity.visualscripting@1.8.0\Editor\VisualScripting.Core\Dependencies\YamlDotNet\Unity.VisualScripting.YamlDotNet.dll
Symbol file LoadedFromMemory doesn't match image C:\Users\iremi\Desktop\unityegitim\ZombieGame\Library\PackageCache\com.unity.visualscripting@1.8.0\Editor\VisualScripting.Core\Dependencies\DotNetZip\Unity.VisualScripting.IonicZip.dll
- Loaded All Assemblies, in  1.189 seconds
Refreshing native plugins compatible for Editor in 4.16 ms, found 3 plugins.
Native extension for WindowsStandalone target not found
Native extension for Android target not found
Native extension for WebGL target not found
Mono: successfully reloaded assembly
- Finished resetting the current domain, in  1.677 seconds
Domain Reload Profiling: 2865ms
	BeginReloadAssembly (256ms)
		ExecutionOrderSort (0ms)
		DisableScriptedObjects (7ms)
		BackupInstance (0ms)
		ReleaseScriptingObjects (0ms)
		CreateAndSetChildDomain (101ms)
	RebuildCommonClasses (34ms)
	RebuildNativeTypeToScriptingClass (11ms)
	initialDomainReloadingComplete (46ms)
	LoadAllAssembliesAndSetupDomain (839ms)
		LoadAssemblies (567ms)
		RebuildTransferFunctionScriptingTraits (0ms)
		AnalyzeDomain (363ms)
			TypeCache.Refresh (355ms)
				TypeCache.ScanAssembly (326ms)
			ScanForSourceGeneratedMonoScriptInfo (0ms)
			ResolveRequiredComponents (8ms)
	FinalizeReload (1678ms)
		ReleaseScriptCaches (0ms)
		RebuildScriptCaches (0ms)
		SetupLoadedEditorAssemblies (369ms)
			LogAssemblyErrors (0ms)
			InitializePlatformSupportModulesInManaged (33ms)
			SetLoadedEditorAssemblies (4ms)
			RefreshPlugins (0ms)
			BeforeProcessingInitializeOnLoad (82ms)
			ProcessInitializeOnLoadAttributes (223ms)
			ProcessInitializeOnLoadMethodAttributes (18ms)
			AfterProcessingInitializeOnLoad (9ms)
			EditorAssembliesLoaded (1ms)
		ExecutionOrderSort2 (0ms)
		AwakeInstancesAfterBackupRestoration (8ms)
Shader 'WFX/Transparent Specular': fallback shader 'Particles/Alpha Blended' not found
Shader 'WFX/Transparent Diffuse': fallback shader 'Particles/Alpha Blended' not found
Refreshing native plugins compatible for Editor in 3.82 ms, found 3 plugins.
Preloading 0 native plugins for Editor in 0.00 ms.
Unloading 3387 Unused Serialized files (Serialized files now loaded: 0)
Unloading 30 unused Assets / (0.9 MB). Loaded Objects now: 3961.
Memory consumption went from 148.8 MB to 147.9 MB.
Total: 4.518200 ms (FindLiveObjects: 0.449300 ms CreateObjectMapping: 0.096500 ms MarkObjects: 3.603900 ms  DeleteObjects: 0.367600 ms)

Prepare: number of updated asset objects reloaded= 0
AssetImportParameters requested are different than current active one (requested -> active):
  custom:container-demuxer-ogg: 62fdf1f143b41e24485cea50d1cbac27 -> 
  custom:video-decoder-ogg-theora: a1e56fd34408186e4bbccfd4996cb3dc -> 
  custom:framework-win-MediaFoundation: 216162199b28c13a410421893ffa2e32 -> 
  custom:container-demuxer-webm: 4f35f7cbe854078d1ac9338744f61a02 -> 
  custom:container-muxer-webm: aa71ff27fc2769a1b78a27578f13a17b -> 
  custom:video-decoder-webm-vp8: 9c59270c3fd7afecdb556c50c9e8de78 -> 
  custom:AudioImporter_EditorPlatform: d09bf68614088b80899f8185d706f6e7 -> 
  custom:video-encoder-webm-vp8: eb34c28f22e8b96e1ab97ce403110664 -> 
  custom:audio-decoder-ogg-vorbis: bf7c407c2cedff20999df2af8eb42d56 -> 
  custom:audio-encoder-webm-vorbis: bf7c407c2cedff20999df2af8eb42d56 -> 
========================================================================
Received Prepare
Shader 'WFX/Transparent Specular': fallback shader 'Particles/Alpha Blended' not found
Shader 'WFX/Transparent Diffuse': fallback shader 'Particles/Alpha Blended' not found
Refreshing native plugins compatible for Editor in 4.61 ms, found 3 plugins.
Preloading 0 native plugins for Editor in 0.00 ms.
Unloading 6 Unused Serialized files (Serialized files now loaded: 0)
Unloading 9 unused Assets / (0.9 MB). Loaded Objects now: 3961.
Memory consumption went from 96.5 MB to 95.6 MB.
Total: 18.136400 ms (FindLiveObjects: 0.713500 ms CreateObjectMapping: 0.152000 ms MarkObjects: 16.513600 ms  DeleteObjects: 0.754800 ms)

Prepare: number of updated asset objects reloaded= 0
AssetImportParameters requested are different than current active one (requested -> active):
  custom:container-demuxer-ogg: 62fdf1f143b41e24485cea50d1cbac27 -> 
  custom:video-decoder-ogg-theora: a1e56fd34408186e4bbccfd4996cb3dc -> 
  custom:framework-win-MediaFoundation: 216162199b28c13a410421893ffa2e32 -> 
  custom:container-demuxer-webm: 4f35f7cbe854078d1ac9338744f61a02 -> 
  custom:container-muxer-webm: aa71ff27fc2769a1b78a27578f13a17b -> 
  custom:video-decoder-webm-vp8: 9c59270c3fd7afecdb556c50c9e8de78 -> 
  custom:AudioImporter_EditorPlatform: d09bf68614088b80899f8185d706f6e7 -> 
  custom:video-encoder-webm-vp8: eb34c28f22e8b96e1ab97ce403110664 -> 
  custom:audio-decoder-ogg-vorbis: bf7c407c2cedff20999df2af8eb42d56 -> 
  custom:audio-encoder-webm-vorbis: bf7c407c2cedff20999df2af8eb42d56 -> 
